<?xml version="1.0" encoding="utf-8"?><testsuites><testsuite errors="0" failures="0" hostname="fv-az339-821" name="pytest" skipped="0" tests="189" time="29.691" timestamp="2023-05-04T13:07:09.538845"><testcase classname="pyfields.tests.test_autofields" name="test_autofields_basic[False-False]" time="0.002" /><testcase classname="pyfields.tests.test_autofields" name="test_autofields_basic[True-False]" time="0.004" /><testcase classname="pyfields.tests.test_autofields" name="test_autofields_basic[True-True]" time="0.002" /><testcase classname="pyfields.tests.test_autofields" name="test_autofields_property_descriptors" time="0.001" /><testcase classname="pyfields.tests.test_autofields" name="test_issue_74" time="0.001" /><testcase classname="pyfields.tests.test_autofields" name="test_issue_76" time="0.001" /><testcase classname="pyfields.tests.test_autofields" name="test_issue_76_bis" time="0.001" /><testcase classname="pyfields.tests.test_autofields" name="test_autoclass" time="0.002" /><testcase classname="pyfields.tests.test_core" name="test_field[read_only=False-type_=default_factory-write_before_reading=False]" time="0.001" /><testcase classname="pyfields.tests.test_core" name="test_field[read_only=False-type_=default_factory-write_before_reading=True]" time="0.001" /><testcase classname="pyfields.tests.test_core" name="test_field[read_only=False-type_=default-write_before_reading=False]" time="0.001" /><testcase classname="pyfields.tests.test_core" name="test_field[read_only=False-type_=default-write_before_reading=True]" time="0.001" /><testcase classname="pyfields.tests.test_core" name="test_field[read_only=False-type_=mandatory-write_before_reading=False]" time="0.001" /><testcase classname="pyfields.tests.test_core" name="test_field[read_only=False-type_=mandatory-write_before_reading=True]" time="0.001" /><testcase classname="pyfields.tests.test_core" name="test_field[read_only=True-type_=default_factory-write_before_reading=False]" time="0.001" /><testcase classname="pyfields.tests.test_core" name="test_field[read_only=True-type_=default_factory-write_before_reading=True]" time="0.001" /><testcase classname="pyfields.tests.test_core" name="test_field[read_only=True-type_=default-write_before_reading=False]" time="0.001" /><testcase classname="pyfields.tests.test_core" name="test_field[read_only=True-type_=default-write_before_reading=True]" time="0.001" /><testcase classname="pyfields.tests.test_core" name="test_field[read_only=True-type_=mandatory-write_before_reading=False]" time="0.001" /><testcase classname="pyfields.tests.test_core" name="test_field[read_only=True-type_=mandatory-write_before_reading=True]" time="0.001" /><testcase classname="pyfields.tests.test_core" name="test_slots" time="0.001" /><testcase classname="pyfields.tests.test_core" name="test_slots2" time="0.001" /><testcase classname="pyfields.tests.test_core" name="test_default_factory" time="0.001" /><testcase classname="pyfields.tests.test_core" name="test_type" time="0.001" /><testcase classname="pyfields.tests.test_core" name="test_type_multiple_tuple" time="0.001" /><testcase classname="pyfields.tests.test_core" name="test_type_multiple_typing" time="0.001" /><testcase classname="pyfields.tests.test_core" name="test_type_from_pep484_annotations" time="0.001" /><testcase classname="pyfields.tests.test_core" name="test_field_validators[case_nb=1]" time="0.002" /><testcase classname="pyfields.tests.test_core" name="test_field_validators[case_nb=2]" time="0.002" /><testcase classname="pyfields.tests.test_core" name="test_field_validators[case_nb=3]" time="0.002" /><testcase classname="pyfields.tests.test_core" name="test_field_validators[case_nb=4]" time="0.002" /><testcase classname="pyfields.tests.test_core" name="test_field_validators[case_nb=5]" time="0.002" /><testcase classname="pyfields.tests.test_core" name="test_field_validators_decorator[explicit=False]" time="0.001" /><testcase classname="pyfields.tests.test_core" name="test_field_validators_decorator[explicit=True]" time="0.001" /><testcase classname="pyfields.tests.test_core" name="test_validator_not_compliant_with_native_field" time="0.001" /><testcase classname="pyfields.tests.test_core" name="test_field_converters_decorator[explicit=False]" time="0.001" /><testcase classname="pyfields.tests.test_core" name="test_field_converters_decorator[explicit=True]" time="0.001" /><testcase classname="pyfields.tests.test_core" name="test_converter_not_compliant_with_native_field" time="0.001" /><testcase classname="pyfields.tests.test_core" name="test_converters[format=single_converter-nbargs=1-validator_return_none=False]" time="0.001" /><testcase classname="pyfields.tests.test_core" name="test_converters[format=single_converter-nbargs=1-validator_return_none=True]" time="0.002" /><testcase classname="pyfields.tests.test_core" name="test_converters[format=single_converter-nbargs=2-validator_return_none=False]" time="0.001" /><testcase classname="pyfields.tests.test_core" name="test_converters[format=single_converter-nbargs=2-validator_return_none=True]" time="0.001" /><testcase classname="pyfields.tests.test_core" name="test_converters[format=single_converter-nbargs=3-validator_return_none=False]" time="0.001" /><testcase classname="pyfields.tests.test_core" name="test_converters[format=single_converter-nbargs=3-validator_return_none=True]" time="0.001" /><testcase classname="pyfields.tests.test_core" name="test_converters[format=single_fun-nbargs=1-validator_return_none=False]" time="0.001" /><testcase classname="pyfields.tests.test_core" name="test_converters[format=single_fun-nbargs=1-validator_return_none=True]" time="0.002" /><testcase classname="pyfields.tests.test_core" name="test_converters[format=single_fun-nbargs=2-validator_return_none=False]" time="0.001" /><testcase classname="pyfields.tests.test_core" name="test_converters[format=single_fun-nbargs=2-validator_return_none=True]" time="0.001" /><testcase classname="pyfields.tests.test_core" name="test_converters[format=single_fun-nbargs=3-validator_return_none=False]" time="0.001" /><testcase classname="pyfields.tests.test_core" name="test_converters[format=single_fun-nbargs=3-validator_return_none=True]" time="0.001" /><testcase classname="pyfields.tests.test_core" name="test_converters[format=(v_fun, c_fun)-nbargs=1-validator_return_none=False]" time="0.001" /><testcase classname="pyfields.tests.test_core" name="test_converters[format=(v_fun, c_fun)-nbargs=1-validator_return_none=True]" time="0.002" /><testcase classname="pyfields.tests.test_core" name="test_converters[format=(v_fun, c_fun)-nbargs=2-validator_return_none=False]" time="0.001" /><testcase classname="pyfields.tests.test_core" name="test_converters[format=(v_fun, c_fun)-nbargs=2-validator_return_none=True]" time="0.001" /><testcase classname="pyfields.tests.test_core" name="test_converters[format=(v_fun, c_fun)-nbargs=3-validator_return_none=False]" time="0.001" /><testcase classname="pyfields.tests.test_core" name="test_converters[format=(v_fun, c_fun)-nbargs=3-validator_return_none=True]" time="0.001" /><testcase classname="pyfields.tests.test_core" name="test_converters[format=(v_type, c_fun)-nbargs=1-validator_return_none=False]" time="0.001" /><testcase classname="pyfields.tests.test_core" name="test_converters[format=(v_type, c_fun)-nbargs=1-validator_return_none=True]" time="0.002" /><testcase classname="pyfields.tests.test_core" name="test_converters[format=(v_type, c_fun)-nbargs=2-validator_return_none=False]" time="0.001" /><testcase classname="pyfields.tests.test_core" name="test_converters[format=(v_type, c_fun)-nbargs=2-validator_return_none=True]" time="0.001" /><testcase classname="pyfields.tests.test_core" name="test_converters[format=(v_type, c_fun)-nbargs=3-validator_return_none=False]" time="0.001" /><testcase classname="pyfields.tests.test_core" name="test_converters[format=(v_type, c_fun)-nbargs=3-validator_return_none=True]" time="0.001" /><testcase classname="pyfields.tests.test_core" name="test_converters[format=(joker, c_fun)-nbargs=1-validator_return_none=False]" time="0.001" /><testcase classname="pyfields.tests.test_core" name="test_converters[format=(joker, c_fun)-nbargs=1-validator_return_none=True]" time="0.002" /><testcase classname="pyfields.tests.test_core" name="test_converters[format=(joker, c_fun)-nbargs=2-validator_return_none=False]" time="0.001" /><testcase classname="pyfields.tests.test_core" name="test_converters[format=(joker, c_fun)-nbargs=2-validator_return_none=True]" time="0.001" /><testcase classname="pyfields.tests.test_core" name="test_converters[format=(joker, c_fun)-nbargs=3-validator_return_none=False]" time="0.001" /><testcase classname="pyfields.tests.test_core" name="test_converters[format=(joker, c_fun)-nbargs=3-validator_return_none=True]" time="0.001" /><testcase classname="pyfields.tests.test_core" name="test_converters[format=(None, c_fun)-nbargs=1-validator_return_none=False]" time="0.001" /><testcase classname="pyfields.tests.test_core" name="test_converters[format=(None, c_fun)-nbargs=1-validator_return_none=True]" time="0.001" /><testcase classname="pyfields.tests.test_core" name="test_converters[format=(None, c_fun)-nbargs=2-validator_return_none=False]" time="0.001" /><testcase classname="pyfields.tests.test_core" name="test_converters[format=(None, c_fun)-nbargs=2-validator_return_none=True]" time="0.001" /><testcase classname="pyfields.tests.test_core" name="test_converters[format=(None, c_fun)-nbargs=3-validator_return_none=False]" time="0.001" /><testcase classname="pyfields.tests.test_core" name="test_converters[format=(None, c_fun)-nbargs=3-validator_return_none=True]" time="0.001" /><testcase classname="pyfields.tests.test_core" name="test_converters[format={v_fun: c_fun}-nbargs=1-validator_return_none=False]" time="0.001" /><testcase classname="pyfields.tests.test_core" name="test_converters[format={v_fun: c_fun}-nbargs=1-validator_return_none=True]" time="0.001" /><testcase classname="pyfields.tests.test_core" name="test_converters[format={v_fun: c_fun}-nbargs=2-validator_return_none=False]" time="0.002" /><testcase classname="pyfields.tests.test_core" name="test_converters[format={v_fun: c_fun}-nbargs=2-validator_return_none=True]" time="0.001" /><testcase classname="pyfields.tests.test_core" name="test_converters[format={v_fun: c_fun}-nbargs=3-validator_return_none=False]" time="0.001" /><testcase classname="pyfields.tests.test_core" name="test_converters[format={v_fun: c_fun}-nbargs=3-validator_return_none=True]" time="0.001" /><testcase classname="pyfields.tests.test_core" name="test_converters[format={v_type: c_fun}-nbargs=1-validator_return_none=False]" time="0.001" /><testcase classname="pyfields.tests.test_core" name="test_converters[format={v_type: c_fun}-nbargs=1-validator_return_none=True]" time="0.001" /><testcase classname="pyfields.tests.test_core" name="test_converters[format={v_type: c_fun}-nbargs=2-validator_return_none=False]" time="0.001" /><testcase classname="pyfields.tests.test_core" name="test_converters[format={v_type: c_fun}-nbargs=2-validator_return_none=True]" time="0.001" /><testcase classname="pyfields.tests.test_core" name="test_converters[format={v_type: c_fun}-nbargs=3-validator_return_none=False]" time="0.001" /><testcase classname="pyfields.tests.test_core" name="test_converters[format={v_type: c_fun}-nbargs=3-validator_return_none=True]" time="0.001" /><testcase classname="pyfields.tests.test_core" name="test_converters[format={joker: c_fun}-nbargs=1-validator_return_none=False]" time="0.001" /><testcase classname="pyfields.tests.test_core" name="test_converters[format={joker: c_fun}-nbargs=1-validator_return_none=True]" time="0.001" /><testcase classname="pyfields.tests.test_core" name="test_converters[format={joker: c_fun}-nbargs=2-validator_return_none=False]" time="0.002" /><testcase classname="pyfields.tests.test_core" name="test_converters[format={joker: c_fun}-nbargs=2-validator_return_none=True]" time="0.001" /><testcase classname="pyfields.tests.test_core" name="test_converters[format={joker: c_fun}-nbargs=3-validator_return_none=False]" time="0.001" /><testcase classname="pyfields.tests.test_core" name="test_converters[format={joker: c_fun}-nbargs=3-validator_return_none=True]" time="0.001" /><testcase classname="pyfields.tests.test_core" name="test_converters[format={None: c_fun}-nbargs=1-validator_return_none=False]" time="0.001" /><testcase classname="pyfields.tests.test_core" name="test_converters[format={None: c_fun}-nbargs=1-validator_return_none=True]" time="0.001" /><testcase classname="pyfields.tests.test_core" name="test_converters[format={None: c_fun}-nbargs=2-validator_return_none=False]" time="0.001" /><testcase classname="pyfields.tests.test_core" name="test_converters[format={None: c_fun}-nbargs=2-validator_return_none=True]" time="0.002" /><testcase classname="pyfields.tests.test_core" name="test_converters[format={None: c_fun}-nbargs=3-validator_return_none=False]" time="0.001" /><testcase classname="pyfields.tests.test_core" name="test_converters[format={None: c_fun}-nbargs=3-validator_return_none=True]" time="0.001" /><testcase classname="pyfields.tests.test_core" name="test_inheritance" time="0.001" /><testcase classname="pyfields.tests.test_core" name="test_pickle" time="0.001" /><testcase classname="pyfields.tests.test_core" name="test_default_validated[use_factory=simple-check_type=False]" time="0.001" /><testcase classname="pyfields.tests.test_core" name="test_default_validated[use_factory=simple-check_type=True]" time="0.001" /><testcase classname="pyfields.tests.test_core" name="test_default_validated[use_factory=copy_value-check_type=False]" time="0.001" /><testcase classname="pyfields.tests.test_core" name="test_default_validated[use_factory=copy_value-check_type=True]" time="0.001" /><testcase classname="pyfields.tests.test_core" name="test_default_validated[use_factory=factory_function-check_type=False]" time="0.001" /><testcase classname="pyfields.tests.test_core" name="test_default_validated[use_factory=factory_function-check_type=True]" time="0.001" /><testcase classname="pyfields.tests.test_helpers" name="test_get_fields[public_only=False-ancestor_first=False]" time="0.001" /><testcase classname="pyfields.tests.test_helpers" name="test_get_fields[public_only=False-ancestor_first=True]" time="0.001" /><testcase classname="pyfields.tests.test_helpers" name="test_get_fields[public_only=True-ancestor_first=False]" time="0.001" /><testcase classname="pyfields.tests.test_helpers" name="test_get_fields[public_only=True-ancestor_first=True]" time="0.001" /><testcase classname="pyfields.tests.test_init" name="test_init_all_methods[py36_style_type_hints=False-explicit_list=False-init_type=inject_fields-native=False]" time="0.002" /><testcase classname="pyfields.tests.test_init" name="test_init_all_methods[py36_style_type_hints=False-explicit_list=False-init_type=inject_fields-native=True]" time="0.001" /><testcase classname="pyfields.tests.test_init" name="test_init_all_methods[py36_style_type_hints=False-explicit_list=False-init_type=make_init-native=False]" time="0.001" /><testcase classname="pyfields.tests.test_init" name="test_init_all_methods[py36_style_type_hints=False-explicit_list=False-init_type=make_init-native=True]" time="0.001" /><testcase classname="pyfields.tests.test_init" name="test_init_all_methods[py36_style_type_hints=False-explicit_list=False-init_type=make_init_with_postinit-native=False]" time="0.001" /><testcase classname="pyfields.tests.test_init" name="test_init_all_methods[py36_style_type_hints=False-explicit_list=False-init_type=make_init_with_postinit-native=True]" time="0.002" /><testcase classname="pyfields.tests.test_init" name="test_init_all_methods[py36_style_type_hints=False-explicit_list=True-init_type=inject_fields-native=False]" time="0.001" /><testcase classname="pyfields.tests.test_init" name="test_init_all_methods[py36_style_type_hints=False-explicit_list=True-init_type=inject_fields-native=True]" time="0.001" /><testcase classname="pyfields.tests.test_init" name="test_init_all_methods[py36_style_type_hints=False-explicit_list=True-init_type=make_init-native=False]" time="0.001" /><testcase classname="pyfields.tests.test_init" name="test_init_all_methods[py36_style_type_hints=False-explicit_list=True-init_type=make_init-native=True]" time="0.001" /><testcase classname="pyfields.tests.test_init" name="test_init_all_methods[py36_style_type_hints=False-explicit_list=True-init_type=make_init_with_postinit-native=False]" time="0.001" /><testcase classname="pyfields.tests.test_init" name="test_init_all_methods[py36_style_type_hints=False-explicit_list=True-init_type=make_init_with_postinit-native=True]" time="0.001" /><testcase classname="pyfields.tests.test_init" name="test_init_all_methods[py36_style_type_hints=True-explicit_list=False-init_type=inject_fields-native=False]" time="0.001" /><testcase classname="pyfields.tests.test_init" name="test_init_all_methods[py36_style_type_hints=True-explicit_list=False-init_type=inject_fields-native=True]" time="0.001" /><testcase classname="pyfields.tests.test_init" name="test_init_all_methods[py36_style_type_hints=True-explicit_list=False-init_type=make_init-native=False]" time="0.001" /><testcase classname="pyfields.tests.test_init" name="test_init_all_methods[py36_style_type_hints=True-explicit_list=False-init_type=make_init-native=True]" time="0.001" /><testcase classname="pyfields.tests.test_init" name="test_init_all_methods[py36_style_type_hints=True-explicit_list=False-init_type=make_init_with_postinit-native=False]" time="0.001" /><testcase classname="pyfields.tests.test_init" name="test_init_all_methods[py36_style_type_hints=True-explicit_list=False-init_type=make_init_with_postinit-native=True]" time="0.001" /><testcase classname="pyfields.tests.test_init" name="test_init_all_methods[py36_style_type_hints=True-explicit_list=True-init_type=inject_fields-native=False]" time="0.001" /><testcase classname="pyfields.tests.test_init" name="test_init_all_methods[py36_style_type_hints=True-explicit_list=True-init_type=inject_fields-native=True]" time="0.001" /><testcase classname="pyfields.tests.test_init" name="test_init_all_methods[py36_style_type_hints=True-explicit_list=True-init_type=make_init-native=False]" time="0.001" /><testcase classname="pyfields.tests.test_init" name="test_init_all_methods[py36_style_type_hints=True-explicit_list=True-init_type=make_init-native=True]" time="0.001" /><testcase classname="pyfields.tests.test_init" name="test_init_all_methods[py36_style_type_hints=True-explicit_list=True-init_type=make_init_with_postinit-native=False]" time="0.001" /><testcase classname="pyfields.tests.test_init" name="test_init_all_methods[py36_style_type_hints=True-explicit_list=True-init_type=make_init_with_postinit-native=True]" time="0.001" /><testcase classname="pyfields.tests.test_init" name="test_init_partial_fields" time="0.001" /><testcase classname="pyfields.tests.test_init" name="test_init_order" time="0.001" /><testcase classname="pyfields.tests.test_init" name="test_init_order2[ancestor_first=False]" time="0.001" /><testcase classname="pyfields.tests.test_init" name="test_init_order2[ancestor_first=True]" time="0.001" /><testcase classname="pyfields.tests.test_init" name="test_init_inheritance" time="0.001" /><testcase classname="pyfields.tests.test_readme" name="test_lazy_fields" time="0.001" /><testcase classname="pyfields.tests.test_readme" name="test_default_factory[use_decorator=False]" time="0.001" /><testcase classname="pyfields.tests.test_readme" name="test_default_factory[use_decorator=True]" time="0.001" /><testcase classname="pyfields.tests.test_readme" name="test_readonly_field" time="0.001" /><testcase classname="pyfields.tests.test_readme" name="test_type_validation[py36_style_type_hints=False]" time="0.001" /><testcase classname="pyfields.tests.test_readme" name="test_type_validation[py36_style_type_hints=True]" time="0.001" /><testcase classname="pyfields.tests.test_readme" name="test_value_validation[py36_style_type_hints=False]" time="0.002" /><testcase classname="pyfields.tests.test_readme" name="test_value_validation[py36_style_type_hints=True]" time="0.002" /><testcase classname="pyfields.tests.test_readme" name="test_value_validation_advanced[py36_style_type_hints=False]" time="0.001" /><testcase classname="pyfields.tests.test_readme" name="test_value_validation_advanced[py36_style_type_hints=True]" time="0.002" /><testcase classname="pyfields.tests.test_readme" name="test_nonable_fields[declaration=typing]" time="0.001" /><testcase classname="pyfields.tests.test_readme" name="test_nonable_fields[declaration=default_value]" time="0.001" /><testcase classname="pyfields.tests.test_readme" name="test_nonable_fields[declaration=explicit_nonable]" time="0.001" /><testcase classname="pyfields.tests.test_readme" name="test_native_descriptors" time="28.836" /><testcase classname="pyfields.tests.test_readme" name="test_make_init_full_defaults" time="0.005" /><testcase classname="pyfields.tests.test_readme" name="test_make_init_with_explicit_list" time="0.001" /><testcase classname="pyfields.tests.test_readme" name="test_make_init_with_inheritance" time="0.001" /><testcase classname="pyfields.tests.test_readme" name="test_make_init_callback" time="0.001" /><testcase classname="pyfields.tests.test_readme" name="test_init_fields" time="0.001" /><testcase classname="pyfields.tests.test_readme" name="test_autofields_readme" time="0.002" /><testcase classname="pyfields.tests.test_readme" name="test_autofields_vtypes_readme" time="0.002" /><testcase classname="pyfields.tests.test_readme" name="test_autoclass" time="0.001" /><testcase classname="pyfields.tests.test_readme" name="test_autoclass_2" time="0.001" /><testcase classname="pyfields.tests.test_readme" name="test_autoclass_3" time="0.001" /><testcase classname="pyfields.tests.test_so" name="test_so0" time="0.002" /><testcase classname="pyfields.tests.test_so" name="test_so1" time="0.001" /><testcase classname="pyfields.tests.test_so" name="test_so2" time="0.001" /><testcase classname="pyfields.tests.test_so" name="test_so3" time="0.001" /><testcase classname="pyfields.tests.test_so" name="test_so4" time="0.002" /><testcase classname="pyfields.tests.test_so" name="test_so5" time="0.002" /><testcase classname="pyfields.tests.test_so" name="test_so6" time="0.002" /><testcase classname="pyfields.tests.test_so" name="test_so7" time="0.001" /><testcase classname="pyfields.tests.issues.test_issue_12" name="test_class_access_and_autocomplete" time="0.001" /><testcase classname="pyfields.tests.issues.test_issue_51" name="test_issue_51" time="0.002" /><testcase classname="pyfields.tests.issues.test_issue_53" name="test_issue_53" time="0.001" /><testcase classname="pyfields.tests.issues.test_issue_67" name="test_issue_67" time="0.001" /><testcase classname="pyfields.tests.issues.test_issue_73" name="test_self_referenced_class[fix_in_class_field=False-str_hint=False]" time="0.002" /><testcase classname="pyfields.tests.issues.test_issue_73" name="test_self_referenced_class[fix_in_class_field=False-str_hint=True]" time="0.001" /><testcase classname="pyfields.tests.issues.test_issue_73" name="test_self_referenced_class[fix_in_class_field=True-str_hint=False]" time="0.001" /><testcase classname="pyfields.tests.issues.test_issue_73" name="test_self_referenced_class[fix_in_class_field=True-str_hint=True]" time="0.001" /><testcase classname="pyfields.tests.issues.test_issue_73" name="test_cross_referenced_class[fix_in_class_field=False-str_hint=False]" time="0.001" /><testcase classname="pyfields.tests.issues.test_issue_73" name="test_cross_referenced_class[fix_in_class_field=False-str_hint=True]" time="0.001" /><testcase classname="pyfields.tests.issues.test_issue_73" name="test_cross_referenced_class[fix_in_class_field=True-str_hint=False]" time="0.001" /><testcase classname="pyfields.tests.issues.test_issue_73" name="test_cross_referenced_class[fix_in_class_field=True-str_hint=True]" time="0.001" /><testcase classname="pyfields.tests.issues.test_issue_81" name="test_issue_81" time="0.001" /><testcase classname="pyfields.tests.issues.test_issue_84" name="test_issue_deepcopy_autofields[False-False]" time="0.001" /><testcase classname="pyfields.tests.issues.test_issue_84" name="test_issue_deepcopy_autofields[False-True]" time="0.001" /><testcase classname="pyfields.tests.issues.test_issue_84" name="test_issue_deepcopy_autofields[True-None]" time="0.001" /><testcase classname="pyfields.tests.issues.test_issue_84" name="test_issue_84_autofields" time="0.001" /><testcase classname="pyfields.tests.issues.test_issue_84" name="test_issue_84_autoclass" time="0.001" /></testsuite></testsuites>